<?xml version="1.0" encoding="UTF-8"?>
<!-- Generated by org.testng.reporters.JUnitXMLReporter -->
<testsuite ignored="6" hostname="DESKTOP-SH3BACH" failures="0" tests="4" name="Default test" time="30.384" errors="0" timestamp="2024-07-02T18:49:30 EET">
  <testcase classname="TestCases" name="verifyThatTheLanguageChanged" time="2.636"/>
  <testcase classname="TestCases" name="switchtoHotelTabAndSetLocation" time="0.261"/>
  <testcase classname="TestCases" name="selectNumOfVistorandRoom" time="5.332"/>
  <testcase classname="TestCases" name="waitLoadingFullyComplete" time="16.19"/>
  <testcase classname="TestCases" name="verifyHotelsTabNotSelectedByDefualt" time="0.0">
    <ignored/>
  </testcase> <!-- verifyHotelsTabNotSelectedByDefualt -->
  <testcase classname="TestCases" name="VerifyDefulatCurrency" time="0.0">
    <ignored/>
  </testcase> <!-- VerifyDefulatCurrency -->
  <testcase classname="TestCases" name="verifyQetafLogo" time="0.0">
    <ignored/>
  </testcase> <!-- verifyQetafLogo -->
  <testcase classname="TestCases" name="verifyContactNumber" time="0.0">
    <ignored/>
  </testcase> <!-- verifyContactNumber -->
  <testcase classname="TestCases" name="verifyFlightDeparture" time="0.0">
    <ignored/>
  </testcase> <!-- verifyFlightDeparture -->
  <testcase classname="TestCases" name="verifyDefualtLanguage" time="0.0">
    <ignored/>
  </testcase> <!-- verifyDefualtLanguage -->
</testsuite> <!-- Default test -->
