<?xml version="1.0" encoding="UTF-8"?>
<!-- Generated by org.testng.reporters.JUnitXMLReporter -->
<testsuite ignored="0" hostname="DESKTOP-SH3BACH" failures="0" tests="7" name="Default test" time="6.845" errors="0" timestamp="2024-06-12T18:54:19 EET">
  <testcase classname="TestCases" name="VerifyDefulatCurrency" time="0.112"/>
  <testcase classname="TestCases" name="verifyContactNumber" time="0.077"/>
  <testcase classname="TestCases" name="verifyDefualtFlightReturn" time="0.054"/>
  <testcase classname="TestCases" name="verifyDefualtLanguage" time="0.075"/>
  <testcase classname="TestCases" name="verifyFlightDeparture" time="0.063"/>
  <testcase classname="TestCases" name="verifyHotelsTabNotSelectedByDefualt" time="0.047"/>
  <testcase classname="TestCases" name="verifyQetafLogo" time="0.055"/>
</testsuite> <!-- Default test -->
