<?xml version="1.0" encoding="UTF-8"?>
<testng-results ignored="6" total="10" passed="4" failed="0" skipped="0">
  <reporter-output>
  </reporter-output>
  <suite started-at="2024-07-02T18:49:00 EET" name="Default suite" finished-at="2024-07-02T18:49:30 EET" duration-ms="30384">
    <groups>
    </groups>
    <test started-at="2024-07-02T18:49:00 EET" name="Default test" finished-at="2024-07-02T18:49:30 EET" duration-ms="30384">
      <class name="TestCases">
        <test-method is-config="true" signature="Setup()[pri:0, instance:TestCases@66746f57]" started-at="2024-07-02T18:49:00 EET" name="Setup" finished-at="2024-07-02T18:49:06 EET" duration-ms="5934" status="PASS">
          <reporter-output>
          </reporter-output>
        </test-method> <!-- Setup -->
        <test-method signature="verifyThatTheLanguageChanged()[pri:1, instance:TestCases@66746f57]" started-at="2024-07-02T18:49:06 EET" name="verifyThatTheLanguageChanged" finished-at="2024-07-02T18:49:08 EET" duration-ms="2636" status="PASS">
          <reporter-output>
          </reporter-output>
        </test-method> <!-- verifyThatTheLanguageChanged -->
        <test-method signature="switchtoHotelTabAndSetLocation()[pri:2, instance:TestCases@66746f57]" started-at="2024-07-02T18:49:08 EET" name="switchtoHotelTabAndSetLocation" finished-at="2024-07-02T18:49:09 EET" duration-ms="261" status="PASS">
          <reporter-output>
          </reporter-output>
        </test-method> <!-- switchtoHotelTabAndSetLocation -->
        <test-method signature="selectNumOfVistorandRoom()[pri:3, instance:TestCases@66746f57]" started-at="2024-07-02T18:49:09 EET" name="selectNumOfVistorandRoom" finished-at="2024-07-02T18:49:14 EET" duration-ms="5332" status="PASS">
          <reporter-output>
          </reporter-output>
        </test-method> <!-- selectNumOfVistorandRoom -->
        <test-method signature="waitLoadingFullyComplete()[pri:4, instance:TestCases@66746f57]" started-at="2024-07-02T18:49:14 EET" name="waitLoadingFullyComplete" finished-at="2024-07-02T18:49:30 EET" duration-ms="16190" status="PASS">
          <reporter-output>
          </reporter-output>
        </test-method> <!-- waitLoadingFullyComplete -->
      </class> <!-- TestCases -->
    </test> <!-- Default test -->
  </suite> <!-- Default suite -->
</testng-results>
