<?xml version="1.0" encoding="UTF-8"?>
<testng-results ignored="0" total="7" passed="7" failed="0" skipped="0">
  <reporter-output>
  </reporter-output>
  <suite started-at="2024-06-12T18:54:12 EET" name="Default suite" finished-at="2024-06-12T18:54:19 EET" duration-ms="6845">
    <groups>
    </groups>
    <test started-at="2024-06-12T18:54:12 EET" name="Default test" finished-at="2024-06-12T18:54:19 EET" duration-ms="6845">
      <class name="TestCases">
        <test-method is-config="true" signature="Setup()[pri:0, instance:TestCases@6ee660fb]" started-at="2024-06-12T18:54:12 EET" name="Setup" finished-at="2024-06-12T18:54:18 EET" duration-ms="6285" status="PASS">
          <reporter-output>
          </reporter-output>
        </test-method> <!-- Setup -->
        <test-method signature="VerifyDefulatCurrency()[pri:0, instance:TestCases@6ee660fb]" started-at="2024-06-12T18:54:18 EET" name="VerifyDefulatCurrency" finished-at="2024-06-12T18:54:18 EET" duration-ms="112" status="PASS">
          <reporter-output>
          </reporter-output>
        </test-method> <!-- VerifyDefulatCurrency -->
        <test-method signature="verifyContactNumber()[pri:0, instance:TestCases@6ee660fb]" started-at="2024-06-12T18:54:18 EET" name="verifyContactNumber" finished-at="2024-06-12T18:54:18 EET" duration-ms="77" status="PASS">
          <reporter-output>
          </reporter-output>
        </test-method> <!-- verifyContactNumber -->
        <test-method signature="verifyDefualtFlightReturn()[pri:0, instance:TestCases@6ee660fb]" started-at="2024-06-12T18:54:18 EET" name="verifyDefualtFlightReturn" finished-at="2024-06-12T18:54:18 EET" duration-ms="54" status="PASS">
          <reporter-output>
          </reporter-output>
        </test-method> <!-- verifyDefualtFlightReturn -->
        <test-method signature="verifyDefualtLanguage()[pri:0, instance:TestCases@6ee660fb]" started-at="2024-06-12T18:54:18 EET" name="verifyDefualtLanguage" finished-at="2024-06-12T18:54:18 EET" duration-ms="75" status="PASS">
          <reporter-output>
          </reporter-output>
        </test-method> <!-- verifyDefualtLanguage -->
        <test-method signature="verifyFlightDeparture()[pri:0, instance:TestCases@6ee660fb]" started-at="2024-06-12T18:54:18 EET" name="verifyFlightDeparture" finished-at="2024-06-12T18:54:19 EET" duration-ms="63" status="PASS">
          <reporter-output>
          </reporter-output>
        </test-method> <!-- verifyFlightDeparture -->
        <test-method signature="verifyHotelsTabNotSelectedByDefualt()[pri:0, instance:TestCases@6ee660fb]" started-at="2024-06-12T18:54:19 EET" name="verifyHotelsTabNotSelectedByDefualt" finished-at="2024-06-12T18:54:19 EET" duration-ms="47" status="PASS">
          <reporter-output>
          </reporter-output>
        </test-method> <!-- verifyHotelsTabNotSelectedByDefualt -->
        <test-method signature="verifyQetafLogo()[pri:0, instance:TestCases@6ee660fb]" started-at="2024-06-12T18:54:19 EET" name="verifyQetafLogo" finished-at="2024-06-12T18:54:19 EET" duration-ms="55" status="PASS">
          <reporter-output>
          </reporter-output>
        </test-method> <!-- verifyQetafLogo -->
      </class> <!-- TestCases -->
    </test> <!-- Default test -->
  </suite> <!-- Default suite -->
</testng-results>
